{"C:\\Users\\Invitado\\Documents\\LIM009-fe-md-links\\src\\cli.js": {"path":"C:\\Users\\Invitado\\Documents\\LIM009-fe-md-links\\src\\cli.js","statementMap":{"0":{"start":{"line":3,"column":22},"end":{"line":3,"column":34}},"1":{"start":{"line":4,"column":0},"end":{"line":4,"column":38}},"2":{"start":{"line":5,"column":14},"end":{"line":5,"column":23}},"3":{"start":{"line":8,"column":13},"end":{"line":8,"column":28}},"4":{"start":{"line":9,"column":11},"end":{"line":9,"column":24}},"5":{"start":{"line":12,"column":28},"end":{"line":14,"column":1}},"6":{"start":{"line":13,"column":3},"end":{"line":13,"column":32}}},"fnMap":{"0":{"name":"(anonymous_0)","decl":{"start":{"line":12,"column":28},"end":{"line":12,"column":29}},"loc":{"start":{"line":12,"column":37},"end":{"line":14,"column":1}},"line":12}},"branchMap":{},"s":{"0":1,"1":1,"2":1,"3":1,"4":1,"5":1,"6":2},"f":{"0":2},"b":{},"_coverageSchema":"43e27e138ebf9cfc5966b082cf9a028302ed4184","hash":"5ad0d6c38cc040054b8da8a12320cac78d49ef81"}
}
